<?xml version="1.0" encoding="UTF-8"?>
<!-- Generated by org.testng.reporters.JUnitXMLReporter -->
<testsuite hostname="URMILA-PC" name="Test" tests="0" failures="0" timestamp="2 Sep 2020 12:30:45 GMT" time="0.338" errors="0">
  <testcase name="@BeforeClass setUpClass" time="0.0" classname="testRunner.MainRunner">
    <failure type="java.lang.IllegalArgumentException" message="path must exist: E:\Automation\Automation Workspace\WS_finsys\Cucumber_Framework\Features\login.feature">
      <![CDATA[java.lang.IllegalArgumentException: path must exist: E:\Automation\Automation Workspace\WS_finsys\Cucumber_Framework\Features\login.feature
	at io.cucumber.core.resource.PathScanner.findResourcesForPath(PathScanner.java:44)
	at io.cucumber.core.resource.PathScanner.findResourcesForUri(PathScanner.java:28)
	at io.cucumber.core.resource.ResourceScanner.findResourcesForUri(ResourceScanner.java:61)
	at io.cucumber.core.resource.ResourceScanner.scanForResourcesUri(ResourceScanner.java:134)
	at io.cucumber.core.runtime.FeaturePathFeatureSupplier.loadFeatures(FeaturePathFeatureSupplier.java:62)
	at io.cucumber.core.runtime.FeaturePathFeatureSupplier.get(FeaturePathFeatureSupplier.java:45)
	at io.cucumber.testng.TestNGCucumberRunner.<init>(TestNGCucumberRunner.java:106)
	at io.cucumber.testng.AbstractTestNGCucumberTests.setUpClass(AbstractTestNGCucumberTests.java:23)
... Removed 24 stack frames]]>
    </failure>
  </testcase> <!-- @BeforeClass setUpClass -->
</testsuite> <!-- Test -->
