-------------------------------------------------------------------------------
Test set: TestSuite
-------------------------------------------------------------------------------
Tests run: 1, Failures: 1, Errors: 0, Skipped: 0, Time elapsed: 3.715 s <<< FAILURE! - in TestSuite
testRunner.MainRunner.setUpClass  Time elapsed: 2.59 s  <<< FAILURE!
java.lang.IllegalArgumentException: path must exist: E:\Automation\Automation Workspace\WS_finsys\Cucumber_Framework\Features\login.feature

