<?xml version="1.0" encoding="UTF-8"?>
<testsuite xmlns:xsi="http://www.w3.org/2001/XMLSchema-instance" xsi:noNamespaceSchemaLocation="https://maven.apache.org/surefire/maven-surefire-plugin/xsd/surefire-test-report-3.0.xsd" version="3.0" name="TestSuite" time="111.741" tests="2" errors="0" skipped="1" failures="0">
  <properties>
[...]
</properties>
  <testcase name="runScenario[&quot;Login into account with correct details&quot;, &quot;Optional[login]&quot;](1)" classname="testRunner.MainRunner" time="0">
    <skipped message="timeout: Timed out receiving message from renderer: 20.000&#10;  (Session info: chrome=84.0.4147.105)&#10;Build info: version: &apos;4.0.0-alpha-6&apos;, revision: &apos;5f43a29cfc&apos;&#10;System info: host: &apos;URMILA-PC&apos;, ip: &apos;192.168.29.6&apos;, os.name: &apos;Windows 7&apos;, os.arch: &apos;x86&apos;, os.version: &apos;6.1&apos;, java.version: &apos;1.8.0_202&apos;&#10;Driver info: org.openqa.selenium.chrome.ChromeDriver&#10;Capabilities {acceptInsecureCerts: false, browserName: chrome, browserVersion: 84.0.4147.105, chrome: {chromedriverVersion: 83.0.4103.39 (ccbf011cb2d2b..., userDataDir: C:\Users\URMILA\AppData\Loc...}, goog:chromeOptions: {debuggerAddress: localhost:63301}, javascriptEnabled: true, networkConnectionEnabled: false, pageLoadStrategy: normal, platform: WINDOWS, platformName: WINDOWS, proxy: Proxy(), setWindowRect: true, strictFileInteractability: false, timeouts: {implicit: 0, pageLoad: 300000, script: 30000}, unhandledPromptBehavior: dismiss and notify, webauthn:virtualAuthenticators: true}&#10;Session ID: 7811e175c9e700fec38ee5b1397b09fb"/>
    <system-out><![CDATA[I am in onTestStart method runScenario start

Scenario: Login into account with correct details           # Features/login.feature:3
  Given User navigates to website                           # stepDefinations.LoginStepDefination.user_navigates_to_website()
  And User enters a valid username as "admin@yourstore.com" # stepDefinations.LoginStepDefination.user_enters_a_valid_username_as(java.lang.String)
  And User enters a valid password as "admin"               # stepDefinations.LoginStepDefination.user_enters_a_valid_password_as(java.lang.String)
  When User clicks on the login button                      # stepDefinations.LoginStepDefination.user_clicks_on_the_login_button()
      org.openqa.selenium.TimeoutException: timeout: Timed out receiving message from renderer: 20.000
  (Session info: chrome=84.0.4147.105)
Build info: version: '4.0.0-alpha-6', revision: '5f43a29cfc'
System info: host: 'URMILA-PC', ip: '192.168.29.6', os.name: 'Windows 7', os.arch: 'x86', os.version: '6.1', java.version: '1.8.0_202'
Driver info: org.openqa.selenium.chrome.ChromeDriver
Capabilities {acceptInsecureCerts: false, browserName: chrome, browserVersion: 84.0.4147.105, chrome: {chromedriverVersion: 83.0.4103.39 (ccbf011cb2d2b..., userDataDir: C:\Users\URMILA\AppData\Loc...}, goog:chromeOptions: {debuggerAddress: localhost:63301}, javascriptEnabled: true, networkConnectionEnabled: false, pageLoadStrategy: normal, platform: WINDOWS, platformName: WINDOWS, proxy: Proxy(), setWindowRect: true, strictFileInteractability: false, timeouts: {implicit: 0, pageLoad: 300000, script: 30000}, unhandledPromptBehavior: dismiss and notify, webauthn:virtualAuthenticators: true}
Session ID: 7811e175c9e700fec38ee5b1397b09fb
	at sun.reflect.NativeConstructorAccessorImpl.newInstance0(Native Method)
	at sun.reflect.NativeConstructorAccessorImpl.newInstance(NativeConstructorAccessorImpl.java:62)
	at sun.reflect.DelegatingConstructorAccessorImpl.newInstance(DelegatingConstructorAccessorImpl.java:45)
	at java.lang.reflect.Constructor.newInstance(Constructor.java:423)
	at org.openqa.selenium.remote.codec.w3c.W3CHttpResponseCodec.createException(W3CHttpResponseCodec.java:196)
	at org.openqa.selenium.remote.codec.w3c.W3CHttpResponseCodec.decode(W3CHttpResponseCodec.java:129)
	at org.openqa.selenium.remote.codec.w3c.W3CHttpResponseCodec.decode(W3CHttpResponseCodec.java:53)
	at org.openqa.selenium.remote.HttpCommandExecutor.execute(HttpCommandExecutor.java:160)
	at org.openqa.selenium.remote.service.DriverCommandExecutor.execute(DriverCommandExecutor.java:83)
	at org.openqa.selenium.remote.RemoteWebDriver.execute(RemoteWebDriver.java:582)
	at org.openqa.selenium.remote.RemoteWebElement.execute(RemoteWebElement.java:316)
	at org.openqa.selenium.remote.RemoteWebElement.click(RemoteWebElement.java:85)
	at sun.reflect.NativeMethodAccessorImpl.invoke0(Native Method)
	at sun.reflect.NativeMethodAccessorImpl.invoke(NativeMethodAccessorImpl.java:62)
	at sun.reflect.DelegatingMethodAccessorImpl.invoke(DelegatingMethodAccessorImpl.java:43)
	at java.lang.reflect.Method.invoke(Method.java:498)
	at org.openqa.selenium.support.pagefactory.internal.LocatingElementHandler.invoke(LocatingElementHandler.java:52)
	at com.sun.proxy.$Proxy40.click(Unknown Source)
	at pageObjects.LoginPage.clickonLoginButton(LoginPage.java:49)
	at stepDefinations.LoginStepDefination.user_clicks_on_the_login_button(LoginStepDefination.java:55)
	at âœ½.User clicks on the login button(file:///E:/Automation/Automation%20Workspace/WS_finsys/Cucumber_Framework/Features/login.feature:7)

  Then User should be taken to the successful login page    # stepDefinations.LoginStepDefination.user_should_be_taken_to_the_successful_login_page()
]]></system-out>
    <system-err><![CDATA[SLF4J: Failed to load class "org.slf4j.impl.StaticLoggerBinder".
SLF4J: Defaulting to no-operation (NOP) logger implementation
SLF4J: See http://www.slf4j.org/codes.html#StaticLoggerBinder for further details.
Starting ChromeDriver 83.0.4103.39 (ccbf011cb2d2b19b506d844400483861342c20cd-refs/branch-heads/4103@{#416}) on port 35823
Only local connections are allowed.
Please see https://chromedriver.chromium.org/security-considerations for suggestions on keeping ChromeDriver safe.
ChromeDriver was started successfully.
[1596521141.102][WARNING]: This version of ChromeDriver has not been tested with Chrome version 84.
Aug 04, 2020 11:35:47 AM org.openqa.selenium.remote.ProtocolHandshake createSession
INFO: Detected dialect: W3C
[1596521178.823][SEVERE]: Timed out receiving message from renderer: 20.000
[1596521179.039][SEVERE]: Timed out receiving message from renderer: 20.000
]]></system-err>
  </testcase>
  <testcase name="runScenario[&quot;Login into account with correct details&quot;, &quot;Optional[login]&quot;](2)" classname="testRunner.MainRunner" time="37.881">
    <system-out><![CDATA[I am in onTestSkipped method runScenario skipped
I am in onTestStart method runScenario start

Scenario: Login into account with correct details           # Features/login.feature:3
  Given User navigates to website                           # stepDefinations.LoginStepDefination.user_navigates_to_website()
  And User enters a valid username as "admin@yourstore.com" # stepDefinations.LoginStepDefination.user_enters_a_valid_username_as(java.lang.String)
  And User enters a valid password as "admin"               # stepDefinations.LoginStepDefination.user_enters_a_valid_password_as(java.lang.String)
  When User clicks on the login button                      # stepDefinations.LoginStepDefination.user_clicks_on_the_login_button()
  Then User should be taken to the successful login page    # stepDefinations.LoginStepDefination.user_should_be_taken_to_the_successful_login_page()
]]></system-out>
    <system-err><![CDATA[Starting ChromeDriver 83.0.4103.39 (ccbf011cb2d2b19b506d844400483861342c20cd-refs/branch-heads/4103@{#416}) on port 17347
Only local connections are allowed.
Please see https://chromedriver.chromium.org/security-considerations for suggestions on keeping ChromeDriver safe.
ChromeDriver was started successfully.
[1596521197.477][WARNING]: This version of ChromeDriver has not been tested with Chrome version 84.
Aug 04, 2020 11:36:45 AM org.openqa.selenium.remote.ProtocolHandshake createSession
INFO: Detected dialect: W3C
]]></system-err>
  </testcase>
</testsuite>