<?xml version="1.0" encoding="UTF-8"?>
<testsuite xmlns:xsi="http://www.w3.org/2001/XMLSchema-instance" xsi:noNamespaceSchemaLocation="https://maven.apache.org/surefire/maven-surefire-plugin/xsd/surefire-test-report-3.0.xsd" version="3.0" name="TestSuite" time="3.715" tests="1" errors="0" skipped="0" failures="1">
  <properties>
[...]
</properties>
  <testcase name="setUpClass" classname="testRunner.MainRunner" time="2.59">
    <failure message="path must exist: E:\Automation\Automation Workspace\WS_finsys\Cucumber_Framework\Features\login.feature" type="java.lang.IllegalArgumentException"><![CDATA[java.lang.IllegalArgumentException: path must exist: E:\Automation\Automation Workspace\WS_finsys\Cucumber_Framework\Features\login.feature
]]></failure>
  </testcase>
</testsuite>