<?xml version="1.0" encoding="UTF-8"?>
<!-- Generated by org.testng.reporters.JUnitXMLReporter -->
<testsuite hostname="URMILA-PC" ignored="0" name="Test" tests="2" failures="0" timestamp="04 Aug 2020 06:06:59 GMT" time="106.691" errors="0">
  <testcase name="runScenario" time="66.507" classname="io.cucumber.testng.AbstractTestNGCucumberTests">
    <skipped/>
  </testcase> <!-- runScenario -->
  <testcase name="runScenario" time="37.89" classname="io.cucumber.testng.AbstractTestNGCucumberTests"/>
</testsuite> <!-- Test -->
